Info: constrained 'CLK_SYS_EXT' to bel 'X19/Y0/io1'
Info: constrained 'RSTN' to bel 'X16/Y0/io0'
Info: constrained 'LED[0]' to bel 'X13/Y0/io1'
Info: constrained 'LED[1]' to bel 'X9/Y0/io0'
Info: constrained 'LED[2]' to bel 'X9/Y0/io1'
Info: constrained 'LED[3]' to bel 'X8/Y0/io0'
Info: constrained 'FPGA_BUSY' to bel 'X18/Y0/io0'
Info: constrained 'SPI_MISO' to bel 'X21/Y0/io1'
Info: constrained 'SPI_MOSI' to bel 'X22/Y0/io1'
Info: constrained 'SPI_SCLK' to bel 'X18/Y0/io1'
Info: constrained 'SPI_CSN' to bel 'X15/Y0/io0'

Info: Packing constants..
Info: Packing IOs..
Info: Packing LUT-FFs..
Info:       38 LCs used as LUT4 only
Info:       65 LCs used as LUT4 and DFF
Info: Packing non-LUT FFs..
Info:       57 LCs used as DFF only
Info: Packing carries..
Info:        0 LCs used as CARRY only
Info: Packing indirect carry+LUT pairs...
Info:        0 LUTs merged into carry LCs
Info: Packing RAMs..
Info: Placing PLLs..
Info: Packing special functions..
Info: Packing PLLs..
Info: Promoting globals..
Info: promoting RSTN_SB_LUT4_I3_O [reset] (fanout 99)
Info: promoting DUT.DUT_01.DATA_OUT_SB_DFFESR_Q_R[2] [reset] (fanout 17)
Info: promoting MIDDLEWARE.shift_drdy_SB_LUT4_I3_O [cen] (fanout 24)
Info: promoting SPI_MOD.DFOR_MIDDLEWARE_SB_DFFESR_Q_E[2] [cen] (fanout 24)
Info: promoting SPI_CSN_SB_LUT4_I1_O_SB_LUT4_I3_O [cen] (fanout 24)
Info: promoting MIDDLEWARE.shift_test_SB_LUT4_I2_O [cen] (fanout 17)
Info: Constraining chains...
Info:        0 LCs used to legalise carry chains.
Info: Checksum: 0xda549bcf

Info: Device utilisation:
Info: 	         ICESTORM_LC:     162/   5280     3%
Info: 	        ICESTORM_RAM:       0/     30     0%
Info: 	               SB_IO:      11/     39    28%
Info: 	               SB_GB:       7/      8    87%
Info: 	        ICESTORM_PLL:       0/      1     0%
Info: 	         SB_WARMBOOT:       0/      1     0%
Info: 	        ICESTORM_DSP:       0/      8     0%
Info: 	      ICESTORM_HFOSC:       0/      1     0%
Info: 	      ICESTORM_LFOSC:       0/      1     0%
Info: 	              SB_I2C:       0/      2     0%
Info: 	              SB_SPI:       0/      2     0%
Info: 	              IO_I3C:       0/      2     0%
Info: 	         SB_LEDDA_IP:       0/      1     0%
Info: 	         SB_RGBA_DRV:       0/      1     0%
Info: 	      ICESTORM_SPRAM:       0/      4     0%

Info: Placed 11 cells based on constraints.
Info: Creating initial analytic placement for 168 cells, random placement wirelen = 3860.
Info:     at initial placer iter 0, wirelen = 51
Info:     at initial placer iter 1, wirelen = 62
Info:     at initial placer iter 2, wirelen = 57
Info:     at initial placer iter 3, wirelen = 54
Info: Running main analytical placer, max placement attempts per cell = 10000.
Info:     at iteration #1, type SB_GB: wirelen solved = 54, spread = 175, legal = 199; time = 0.00s
Info:     at iteration #1, type ICESTORM_LC: wirelen solved = 255, spread = 510, legal = 771; time = 0.00s
Info:     at iteration #1, type ALL: wirelen solved = 49, spread = 617, legal = 969; time = 0.01s
Info:     at iteration #2, type SB_GB: wirelen solved = 829, spread = 936, legal = 941; time = 0.00s
Info:     at iteration #2, type ICESTORM_LC: wirelen solved = 212, spread = 432, legal = 775; time = 0.00s
Info:     at iteration #2, type ALL: wirelen solved = 91, spread = 433, legal = 714; time = 0.00s
Info:     at iteration #3, type SB_GB: wirelen solved = 596, spread = 703, legal = 719; time = 0.00s
Info:     at iteration #3, type ICESTORM_LC: wirelen solved = 227, spread = 441, legal = 701; time = 0.00s
Info:     at iteration #3, type ALL: wirelen solved = 90, spread = 430, legal = 876; time = 0.00s
Info:     at iteration #4, type SB_GB: wirelen solved = 754, spread = 848, legal = 877; time = 0.00s
Info:     at iteration #4, type ICESTORM_LC: wirelen solved = 227, spread = 445, legal = 739; time = 0.00s
Info:     at iteration #4, type ALL: wirelen solved = 118, spread = 394, legal = 764; time = 0.00s
Info:     at iteration #5, type SB_GB: wirelen solved = 647, spread = 744, legal = 770; time = 0.00s
Info:     at iteration #5, type ICESTORM_LC: wirelen solved = 282, spread = 379, legal = 758; time = 0.00s
Info:     at iteration #5, type ALL: wirelen solved = 134, spread = 391, legal = 687; time = 0.00s
Info:     at iteration #6, type SB_GB: wirelen solved = 564, spread = 669, legal = 677; time = 0.00s
Info:     at iteration #6, type ICESTORM_LC: wirelen solved = 309, spread = 474, legal = 690; time = 0.00s
Info:     at iteration #6, type ALL: wirelen solved = 174, spread = 412, legal = 686; time = 0.00s
Info:     at iteration #7, type SB_GB: wirelen solved = 578, spread = 671, legal = 690; time = 0.00s
Info:     at iteration #7, type ICESTORM_LC: wirelen solved = 272, spread = 402, legal = 680; time = 0.00s
Info:     at iteration #7, type ALL: wirelen solved = 155, spread = 434, legal = 735; time = 0.00s
Info:     at iteration #8, type SB_GB: wirelen solved = 625, spread = 715, legal = 731; time = 0.00s
Info:     at iteration #8, type ICESTORM_LC: wirelen solved = 309, spread = 463, legal = 700; time = 0.00s
Info:     at iteration #8, type ALL: wirelen solved = 189, spread = 364, legal = 737; time = 0.00s
Info:     at iteration #9, type SB_GB: wirelen solved = 623, spread = 713, legal = 729; time = 0.00s
Info:     at iteration #9, type ICESTORM_LC: wirelen solved = 301, spread = 419, legal = 708; time = 0.00s
Info:     at iteration #9, type ALL: wirelen solved = 174, spread = 472, legal = 748; time = 0.00s
Info:     at iteration #10, type SB_GB: wirelen solved = 642, spread = 730, legal = 751; time = 0.00s
Info:     at iteration #10, type ICESTORM_LC: wirelen solved = 341, spread = 469, legal = 745; time = 0.00s
Info:     at iteration #10, type ALL: wirelen solved = 235, spread = 438, legal = 754; time = 0.00s
Info:     at iteration #11, type SB_GB: wirelen solved = 645, spread = 735, legal = 752; time = 0.00s
Info:     at iteration #11, type ICESTORM_LC: wirelen solved = 350, spread = 447, legal = 702; time = 0.00s
Info:     at iteration #11, type ALL: wirelen solved = 218, spread = 401, legal = 809; time = 0.00s
Info: HeAP Placer Time: 0.06s
Info:   of which solving equations: 0.02s
Info:   of which spreading cells: 0.00s
Info:   of which strict legalisation: 0.03s

Info: Running simulated annealing placer for refinement.
Info:   at iteration #1: temp = 0.000000, timing cost = 37, wirelen = 686
Info:   at iteration #5: temp = 0.000000, timing cost = 29, wirelen = 544
Info:   at iteration #10: temp = 0.000000, timing cost = 16, wirelen = 507
Info:   at iteration #15: temp = 0.000000, timing cost = 25, wirelen = 486
Info:   at iteration #20: temp = 0.000000, timing cost = 16, wirelen = 457
Info:   at iteration #20: temp = 0.000000, timing cost = 13, wirelen = 467 
Info: SA placement time 0.02s

Info: Max frequency for clock 'CLK_SYS': 44.69 MHz (PASS at 20.00 MHz)

Info: Max delay <async>         -> <async>        : 6.70 ns
Info: Max delay <async>         -> posedge CLK_SYS: 20.75 ns
Info: Max delay posedge CLK_SYS -> <async>        : 12.54 ns

Info: Slack histogram:
Info:  legend: * represents 2 endpoint(s)
Info:          + represents [1,2) endpoint(s)
Info: [ 27623,  28550) |**********+
Info: [ 28550,  29477) | 
Info: [ 29477,  30404) |****+
Info: [ 30404,  31331) |************+
Info: [ 31331,  32258) |+
Info: [ 32258,  33185) | 
Info: [ 33185,  34112) |*+
Info: [ 34112,  35039) |***+
Info: [ 35039,  35966) |**+
Info: [ 35966,  36893) |**+
Info: [ 36893,  37820) |***+
Info: [ 37820,  38747) |*********+
Info: [ 38747,  39674) |****+
Info: [ 39674,  40601) |****+
Info: [ 40601,  41528) |*******+
Info: [ 41528,  42455) |*****+
Info: [ 42455,  43382) |*******+
Info: [ 43382,  44309) |*****+
Info: [ 44309,  45236) |***************+
Info: [ 45236,  46163) |************************************************************ 
Info: Checksum: 0xb8985b8a

Info: Routing..
Info: Setting up routing queue.
Info: Routing 500 arcs.
Info:            |   (re-)routed arcs  |   delta    | remaining|       time spent     |
Info:    IterCnt |  w/ripup   wo/ripup |  w/r  wo/r |      arcs| batch(sec) total(sec)|
Info:        562 |       45        517 |   45   517 |         0|       0.04       0.04|
Info: Routing complete.
Info: Router1 time 0.04s
Info: Checksum: 0x525ac9ca

Info: Critical path report for clock 'CLK_SYS' (posedge -> posedge):
Info:       type curr  total name
Info:   clk-to-q  1.39  1.39 Source SPI_MOD.state_SB_DFF_Q_1_D_SB_LUT4_O_LC.O
Info:    routing  1.76  3.15 Net SPI_MOD.state[2] (15,2) -> (15,1)
Info:                          Sink SPI_CSN_SB_LUT4_I1_LC.I2
Info:      logic  1.21  4.36 Source SPI_CSN_SB_LUT4_I1_LC.O
Info:    routing  2.41  6.76 Net SPI_CSN_SB_LUT4_I1_O[1] (15,1) -> (15,3)
Info:                          Sink SPI_CSN_SB_LUT4_I1_O_SB_LUT4_I3_LC.I2
Info:                          Defined in:
Info:                               /Users/erbsloeh/oss-cad-suite/libexec/../share/yosys/ice40/cells_map.v:6.21-6.22
Info:      logic  1.21  7.97 Source SPI_CSN_SB_LUT4_I1_O_SB_LUT4_I3_LC.O
Info:    routing  6.18  14.15 Net SPI_CSN_SB_LUT4_I1_O_SB_LUT4_I3_O (15,3) -> (13,31)
Info:                          Sink $gbuf_SPI_CSN_SB_LUT4_I1_O_SB_LUT4_I3_O_$glb_ce.USER_SIGNAL_TO_GLOBAL_BUFFER
Info:      logic  1.59  15.74 Source $gbuf_SPI_CSN_SB_LUT4_I1_O_SB_LUT4_I3_O_$glb_ce.GLOBAL_BUFFER_OUTPUT
Info:    routing  0.70  16.44 Net SPI_CSN_SB_LUT4_I1_O_SB_LUT4_I3_O_$glb_ce (13,31) -> (14,5)
Info:                          Sink SPI_MOD.buffer_SB_DFFESR_Q_10_D_SB_LUT4_O_LC.CEN
Info:      setup  0.10  16.54 Source SPI_MOD.buffer_SB_DFFESR_Q_10_D_SB_LUT4_O_LC.CEN
Info: 5.49 ns logic, 11.05 ns routing

Info: Critical path report for cross-domain path '<async>' -> '<async>':
Info:       type curr  total name
Info:     source  0.00  0.00 Source SPI_CSN$sb_io.D_IN_0
Info:    routing  3.15  3.15 Net SPI_CSN$SB_IO_IN (15,0) -> (17,1)
Info:                          Sink SPI_MISO_$_TBUF__Y_E_SB_LUT4_O_LC.I3
Info:                          Defined in:
Info:                               /Users/erbsloeh/oss-cad-suite/libexec/../share/yosys/ice40/cells_map.v:6.21-6.22
Info:      logic  0.87  4.02 Source SPI_MISO_$_TBUF__Y_E_SB_LUT4_O_LC.O
Info:    routing  2.95  6.98 Net SPI_MISO_$_TBUF__Y_E (17,1) -> (21,0)
Info:                          Sink SPI_MISO$sb_io.OUTPUT_ENABLE
Info: 0.87 ns logic, 6.10 ns routing

Info: Critical path report for cross-domain path '<async>' -> 'posedge CLK_SYS':
Info:       type curr  total name
Info:     source  0.00  0.00 Source SPI_CSN$sb_io.D_IN_0
Info:    routing  1.76  1.76 Net SPI_CSN$SB_IO_IN (15,0) -> (15,1)
Info:                          Sink SPI_CSN_SB_LUT4_I1_LC.I1
Info:                          Defined in:
Info:                               /Users/erbsloeh/oss-cad-suite/libexec/../share/yosys/ice40/cells_map.v:6.21-6.22
Info:      logic  1.23  2.99 Source SPI_CSN_SB_LUT4_I1_LC.O
Info:    routing  2.41  5.40 Net SPI_CSN_SB_LUT4_I1_O[1] (15,1) -> (15,3)
Info:                          Sink SPI_CSN_SB_LUT4_I1_O_SB_LUT4_I3_LC.I2
Info:                          Defined in:
Info:                               /Users/erbsloeh/oss-cad-suite/libexec/../share/yosys/ice40/cells_map.v:6.21-6.22
Info:      logic  1.21  6.61 Source SPI_CSN_SB_LUT4_I1_O_SB_LUT4_I3_LC.O
Info:    routing  6.18  12.78 Net SPI_CSN_SB_LUT4_I1_O_SB_LUT4_I3_O (15,3) -> (13,31)
Info:                          Sink $gbuf_SPI_CSN_SB_LUT4_I1_O_SB_LUT4_I3_O_$glb_ce.USER_SIGNAL_TO_GLOBAL_BUFFER
Info:      logic  1.59  14.37 Source $gbuf_SPI_CSN_SB_LUT4_I1_O_SB_LUT4_I3_O_$glb_ce.GLOBAL_BUFFER_OUTPUT
Info:    routing  0.70  15.07 Net SPI_CSN_SB_LUT4_I1_O_SB_LUT4_I3_O_$glb_ce (13,31) -> (14,5)
Info:                          Sink SPI_MOD.buffer_SB_DFFESR_Q_10_D_SB_LUT4_O_LC.CEN
Info:      setup  0.10  15.17 Source SPI_MOD.buffer_SB_DFFESR_Q_10_D_SB_LUT4_O_LC.CEN
Info: 4.12 ns logic, 11.05 ns routing

Info: Critical path report for cross-domain path 'posedge CLK_SYS' -> '<async>':
Info:       type curr  total name
Info:   clk-to-q  1.39  1.39 Source MIDDLEWARE.DUT_SEL_SB_DFFESR_Q_1_DFFLC.O
Info:    routing  2.95  4.34 Net dut_sel[0] (11,3) -> (9,1)
Info:                          Sink DUT.DUT_01.first_run_done_SB_LUT4_I3_LC.I0
Info:                          Defined in:
Info:                               /Users/erbsloeh/git/elastic-ai.hw-measurements/designs/top_module.v:43.30-43.37
Info:      logic  1.28  5.63 Source DUT.DUT_01.first_run_done_SB_LUT4_I3_LC.O
Info:    routing  2.30  7.93 Net FPGA_BUSY_SB_LUT4_O_I3[1] (9,1) -> (11,1)
Info:                          Sink FPGA_BUSY_SB_LUT4_O_LC.I3
Info:                          Defined in:
Info:                               /Users/erbsloeh/oss-cad-suite/libexec/../share/yosys/ice40/cells_map.v:6.21-6.22
Info:      logic  0.87  8.80 Source FPGA_BUSY_SB_LUT4_O_LC.O
Info:    routing  3.49  12.30 Net FPGA_BUSY$SB_IO_OUT (11,1) -> (18,0)
Info:                          Sink FPGA_BUSY$sb_io.D_OUT_0
Info:                          Defined in:
Info:                               /Users/erbsloeh/git/elastic-ai.hw-measurements/designs/top_module.v:11.25-11.34
Info: 3.55 ns logic, 8.75 ns routing

Info: Max frequency for clock 'CLK_SYS': 60.47 MHz (PASS at 20.00 MHz)

Info: Max delay <async>         -> <async>        : 6.98 ns
Info: Max delay <async>         -> posedge CLK_SYS: 15.17 ns
Info: Max delay posedge CLK_SYS -> <async>        : 12.30 ns

Info: Slack histogram:
Info:  legend: * represents 1 endpoint(s)
Info:          + represents [1,1) endpoint(s)
Info: [ 33462,  34091) |************+
Info: [ 34091,  34720) |*********+
Info: [ 34720,  35349) | 
Info: [ 35349,  35978) |**+
Info: [ 35978,  36607) |*******************+
Info: [ 36607,  37236) |+
Info: [ 37236,  37865) |*+
Info: [ 37865,  38494) |***********+
Info: [ 38494,  39123) |+
Info: [ 39123,  39752) |***+
Info: [ 39752,  40381) | 
Info: [ 40381,  41010) |+
Info: [ 41010,  41639) |***********************+
Info: [ 41639,  42268) |*****+
Info: [ 42268,  42897) |*****+
Info: [ 42897,  43526) |*+
Info: [ 43526,  44155) | 
Info: [ 44155,  44784) |***********+
Info: [ 44784,  45413) |***************************+
Info: [ 45413,  46042) |************************************************************ 

Info: Program finished normally.
